[11-Jun-2025 00:32:02 Europe/Berlin] La columna calendar_visible ya existe en la tabla users
[11-Jun-2025 00:32:11 Europe/Berlin] La columna calendar_visible ya existe en la tabla users
[11-Jun-2025 00:32:11 Europe/Berlin] Se obtuvieron 2 usuarios con calendar_visible=1
[11-Jun-2025 00:34:46 Europe/Berlin] La columna calendar_visible ya existe en la tabla users
[11-Jun-2025 00:34:46 Europe/Berlin] Se obtuvieron 2 usuarios con calendar_visible=1
[11-Jun-2025 00:39:31 Europe/Berlin] La columna calendar_visible ya existe en la tabla users
[11-Jun-2025 00:39:31 Europe/Berlin] Se obtuvieron 2 usuarios con calendar_visible=1
[11-Jun-2025 00:39:42 Europe/Berlin] La columna calendar_visible ya existe en la tabla users
[11-Jun-2025 00:39:43 Europe/Berlin] Se obtuvieron 2 usuarios con calendar_visible=1
[11-Jun-2025 00:40:51 Europe/Berlin] La columna calendar_visible ya existe en la tabla users
[11-Jun-2025 00:40:51 Europe/Berlin] Se obtuvieron 2 usuarios con calendar_visible=1
[11-Jun-2025 00:46:36 Europe/Berlin] La columna calendar_visible ya existe en la tabla users
[11-Jun-2025 00:46:36 Europe/Berlin] Se obtuvieron 2 usuarios con calendar_visible=1
[11-Jun-2025 00:46:56 Europe/Berlin] La columna calendar_visible ya existe en la tabla users
[11-Jun-2025 00:46:56 Europe/Berlin] Se obtuvieron 2 usuarios con calendar_visible=1
[11-Jun-2025 01:20:59 Europe/Berlin] La columna calendar_visible ya existe en la tabla users
[11-Jun-2025 01:21:00 Europe/Berlin] Se obtuvieron 2 usuarios con calendar_visible=1
[11-Jun-2025 01:21:20 Europe/Berlin] La columna calendar_visible ya existe en la tabla users
[11-Jun-2025 01:21:20 Europe/Berlin] Se obtuvieron 2 usuarios con calendar_visible=1
[11-Jun-2025 01:21:50 Europe/Berlin] La columna calendar_visible ya existe en la tabla users
[11-Jun-2025 01:21:50 Europe/Berlin] Se obtuvieron 2 usuarios con calendar_visible=1
[11-Jun-2025 01:21:58 Europe/Berlin] La columna calendar_visible ya existe en la tabla users
[11-Jun-2025 01:21:58 Europe/Berlin] Se obtuvieron 2 usuarios con calendar_visible=1
[11-Jun-2025 01:26:01 Europe/Berlin] La columna calendar_visible ya existe en la tabla users
[11-Jun-2025 01:26:01 Europe/Berlin] Se obtuvieron 2 usuarios con calendar_visible=1
[11-Jun-2025 01:26:19 Europe/Berlin] La columna calendar_visible ya existe en la tabla users
[11-Jun-2025 01:26:19 Europe/Berlin] Se obtuvieron 2 usuarios con calendar_visible=1
[11-Jun-2025 01:26:39 Europe/Berlin] La columna calendar_visible ya existe en la tabla users
[11-Jun-2025 01:26:39 Europe/Berlin] Se obtuvieron 2 usuarios con calendar_visible=1
[11-Jun-2025 01:26:40 Europe/Berlin] La columna calendar_visible ya existe en la tabla users
[11-Jun-2025 01:26:40 Europe/Berlin] Se obtuvieron 2 usuarios con calendar_visible=1
[11-Jun-2025 01:26:44 Europe/Berlin] La columna calendar_visible ya existe en la tabla users
[11-Jun-2025 01:26:44 Europe/Berlin] Se obtuvieron 2 usuarios con calendar_visible=1
[11-Jun-2025 01:27:26 Europe/Berlin] La columna calendar_visible ya existe en la tabla users
[11-Jun-2025 01:27:26 Europe/Berlin] Se obtuvieron 2 usuarios con calendar_visible=1
[11-Jun-2025 01:28:02 Europe/Berlin] La columna calendar_visible ya existe en la tabla users
[11-Jun-2025 01:36:06 Europe/Berlin] La columna calendar_visible ya existe en la tabla users
[11-Jun-2025 01:36:31 Europe/Berlin] La columna calendar_visible ya existe en la tabla users
[11-Jun-2025 01:36:31 Europe/Berlin] Se obtuvieron 2 usuarios con calendar_visible=1
[11-Jun-2025 02:47:22 Europe/Berlin] La columna calendar_visible ya existe en la tabla users
[11-Jun-2025 02:47:22 Europe/Berlin] Se obtuvieron 0 usuarios con calendar_visible=1
[11-Jun-2025 02:47:22 Europe/Berlin] ADVERTENCIA: No se encontraron usuarios con calendar_visible=1
[11-Jun-2025 02:47:22 Europe/Berlin] Total de usuarios en la base de datos: 0
[11-Jun-2025 02:47:22 Europe/Berlin] La columna calendar_visible ya existe en la tabla users
[11-Jun-2025 02:47:22 Europe/Berlin] PHP Fatal error:  Uncaught Error: Call to undefined function sessionExists() in C:\xampp\htdocs\mangomorado\Calendar\api\users.php:101
Stack trace:
#0 {main}
  thrown in C:\xampp\htdocs\mangomorado\Calendar\api\users.php on line 101
[11-Jun-2025 02:48:01 Europe/Berlin] La columna calendar_visible ya existe en la tabla users
[11-Jun-2025 02:48:01 Europe/Berlin] Se obtuvieron 1 usuarios con calendar_visible=1
[11-Jun-2025 02:48:28 Europe/Berlin] La columna calendar_visible ya existe en la tabla users
[11-Jun-2025 02:48:28 Europe/Berlin] Se obtuvieron 1 usuarios con calendar_visible=1
[11-Jun-2025 02:48:37 Europe/Berlin] La columna calendar_visible ya existe en la tabla users
[11-Jun-2025 02:48:37 Europe/Berlin] Se obtuvieron 1 usuarios con calendar_visible=1
[11-Jun-2025 02:48:52 Europe/Berlin] La columna calendar_visible ya existe en la tabla users
[11-Jun-2025 02:48:52 Europe/Berlin] Se obtuvieron 1 usuarios con calendar_visible=1
[11-Jun-2025 02:49:43 Europe/Berlin] La columna calendar_visible ya existe en la tabla users
[11-Jun-2025 02:50:07 Europe/Berlin] La columna calendar_visible ya existe en la tabla users
[11-Jun-2025 02:50:07 Europe/Berlin] Se obtuvieron 1 usuarios con calendar_visible=1
[11-Jun-2025 02:50:10 Europe/Berlin] La columna calendar_visible ya existe en la tabla users
[11-Jun-2025 02:50:10 Europe/Berlin] Se obtuvieron 1 usuarios con calendar_visible=1
[11-Jun-2025 02:50:11 Europe/Berlin] La columna calendar_visible ya existe en la tabla users
[11-Jun-2025 02:50:11 Europe/Berlin] Se obtuvieron 1 usuarios con calendar_visible=1
[11-Jun-2025 02:50:24 Europe/Berlin] La columna calendar_visible ya existe en la tabla users
[11-Jun-2025 02:50:25 Europe/Berlin] Se obtuvieron 1 usuarios con calendar_visible=1
[11-Jun-2025 02:50:33 Europe/Berlin] La columna calendar_visible ya existe en la tabla users
[11-Jun-2025 02:50:33 Europe/Berlin] Se obtuvieron 1 usuarios con calendar_visible=1
[11-Jun-2025 02:51:32 Europe/Berlin] La columna calendar_visible ya existe en la tabla users
[11-Jun-2025 02:51:32 Europe/Berlin] Se obtuvieron 1 usuarios con calendar_visible=1
[11-Jun-2025 03:07:53 Europe/Berlin] La columna calendar_visible ya existe en la tabla users
[11-Jun-2025 03:08:22 Europe/Berlin] La columna calendar_visible ya existe en la tabla users
[10-Jun-2025 20:08:22 America/Bogota] PHP Warning:  require_once(C:\xampp\htdocs\mangomorado\Calendar\includes\calendar/../config/database.php): Failed to open stream: No such file or directory in C:\xampp\htdocs\mangomorado\Calendar\includes\calendar\data.php on line 9
[10-Jun-2025 20:08:22 America/Bogota] PHP Fatal error:  Uncaught Error: Failed opening required 'C:\xampp\htdocs\mangomorado\Calendar\includes\calendar/../config/database.php' (include_path='C:\xampp\php\PEAR') in C:\xampp\htdocs\mangomorado\Calendar\includes\calendar\data.php:9
Stack trace:
#0 C:\xampp\htdocs\mangomorado\Calendar\includes\calendar\init.php(8): require_once()
#1 C:\xampp\htdocs\mangomorado\Calendar\index.php(12): require_once('C:\\xampp\\htdocs...')
#2 {main}
  thrown in C:\xampp\htdocs\mangomorado\Calendar\includes\calendar\data.php on line 9
[11-Jun-2025 03:08:28 Europe/Berlin] La columna calendar_visible ya existe en la tabla users
[10-Jun-2025 20:08:28 America/Bogota] PHP Warning:  require_once(C:\xampp\htdocs\mangomorado\Calendar\includes\calendar/../config/database.php): Failed to open stream: No such file or directory in C:\xampp\htdocs\mangomorado\Calendar\includes\calendar\data.php on line 9
[10-Jun-2025 20:08:28 America/Bogota] PHP Fatal error:  Uncaught Error: Failed opening required 'C:\xampp\htdocs\mangomorado\Calendar\includes\calendar/../config/database.php' (include_path='C:\xampp\php\PEAR') in C:\xampp\htdocs\mangomorado\Calendar\includes\calendar\data.php:9
Stack trace:
#0 C:\xampp\htdocs\mangomorado\Calendar\includes\calendar\init.php(8): require_once()
#1 C:\xampp\htdocs\mangomorado\Calendar\index.php(12): require_once('C:\\xampp\\htdocs...')
#2 {main}
  thrown in C:\xampp\htdocs\mangomorado\Calendar\includes\calendar\data.php on line 9
[11-Jun-2025 03:08:33 Europe/Berlin] La columna calendar_visible ya existe en la tabla users
[10-Jun-2025 20:08:33 America/Bogota] PHP Warning:  require_once(C:\xampp\htdocs\mangomorado\Calendar\includes\calendar/../config/database.php): Failed to open stream: No such file or directory in C:\xampp\htdocs\mangomorado\Calendar\includes\calendar\data.php on line 9
[10-Jun-2025 20:08:33 America/Bogota] PHP Fatal error:  Uncaught Error: Failed opening required 'C:\xampp\htdocs\mangomorado\Calendar\includes\calendar/../config/database.php' (include_path='C:\xampp\php\PEAR') in C:\xampp\htdocs\mangomorado\Calendar\includes\calendar\data.php:9
Stack trace:
#0 C:\xampp\htdocs\mangomorado\Calendar\includes\calendar\init.php(8): require_once()
#1 C:\xampp\htdocs\mangomorado\Calendar\index.php(12): require_once('C:\\xampp\\htdocs...')
#2 {main}
  thrown in C:\xampp\htdocs\mangomorado\Calendar\includes\calendar\data.php on line 9
[11-Jun-2025 03:08:49 Europe/Berlin] La columna calendar_visible ya existe en la tabla users
[10-Jun-2025 20:08:49 America/Bogota] PHP Warning:  require_once(C:\xampp\htdocs\mangomorado\Calendar\includes\calendar/../config/database.php): Failed to open stream: No such file or directory in C:\xampp\htdocs\mangomorado\Calendar\includes\calendar\data.php on line 9
[10-Jun-2025 20:08:49 America/Bogota] PHP Fatal error:  Uncaught Error: Failed opening required 'C:\xampp\htdocs\mangomorado\Calendar\includes\calendar/../config/database.php' (include_path='C:\xampp\php\PEAR') in C:\xampp\htdocs\mangomorado\Calendar\includes\calendar\data.php:9
Stack trace:
#0 C:\xampp\htdocs\mangomorado\Calendar\includes\calendar\init.php(8): require_once()
#1 C:\xampp\htdocs\mangomorado\Calendar\index.php(12): require_once('C:\\xampp\\htdocs...')
#2 {main}
  thrown in C:\xampp\htdocs\mangomorado\Calendar\includes\calendar\data.php on line 9
[11-Jun-2025 03:10:52 Europe/Berlin] La columna calendar_visible ya existe en la tabla users
[10-Jun-2025 20:10:52 America/Bogota] Se obtuvieron 1 usuarios con calendar_visible=1
[11-Jun-2025 03:11:05 Europe/Berlin] La columna calendar_visible ya existe en la tabla users
[10-Jun-2025 20:11:05 America/Bogota] Se obtuvieron 1 usuarios con calendar_visible=1
[11-Jun-2025 03:11:21 Europe/Berlin] La columna calendar_visible ya existe en la tabla users
[11-Jun-2025 03:11:24 Europe/Berlin] La columna calendar_visible ya existe en la tabla users
[11-Jun-2025 03:11:34 Europe/Berlin] La columna calendar_visible ya existe en la tabla users
[11-Jun-2025 03:11:34 Europe/Berlin] La columna calendar_visible ya existe en la tabla users
[11-Jun-2025 03:11:36 Europe/Berlin] La columna calendar_visible ya existe en la tabla users
[10-Jun-2025 20:11:37 America/Bogota] Se obtuvieron 1 usuarios con calendar_visible=1
[11-Jun-2025 03:11:53 Europe/Berlin] La columna calendar_visible ya existe en la tabla users
[10-Jun-2025 20:11:53 America/Bogota] Se obtuvieron 1 usuarios con calendar_visible=1
[11-Jun-2025 03:12:22 Europe/Berlin] La columna calendar_visible ya existe en la tabla users
[10-Jun-2025 20:12:23 America/Bogota] Se obtuvieron 1 usuarios con calendar_visible=1
[11-Jun-2025 03:15:04 Europe/Berlin] La columna calendar_visible ya existe en la tabla users
[10-Jun-2025 20:15:04 America/Bogota] Se obtuvieron 1 usuarios con calendar_visible=1
[11-Jun-2025 03:15:21 Europe/Berlin] La columna calendar_visible ya existe en la tabla users
[10-Jun-2025 20:15:21 America/Bogota] Se obtuvieron 1 usuarios con calendar_visible=1
[11-Jun-2025 03:15:45 Europe/Berlin] La columna calendar_visible ya existe en la tabla users
[10-Jun-2025 20:15:45 America/Bogota] Se obtuvieron 1 usuarios con calendar_visible=1
[11-Jun-2025 03:17:50 Europe/Berlin] La columna calendar_visible ya existe en la tabla users
[10-Jun-2025 20:17:50 America/Bogota] Se obtuvieron 1 usuarios con calendar_visible=1
[11-Jun-2025 03:20:02 Europe/Berlin] La columna calendar_visible ya existe en la tabla users
[10-Jun-2025 20:20:02 America/Bogota] Se obtuvieron 1 usuarios con calendar_visible=1
