[28-Jun-2025 05:32:23 Europe/Berlin] La columna calendar_visible ya existe en la tabla users
[27-Jun-2025 22:32:23 America/Bogota] Se obtuvieron 1 usuarios con calendar_visible=1
[28-Jun-2025 05:36:38 Europe/Berlin] La columna calendar_visible ya existe en la tabla users
[27-Jun-2025 22:36:38 America/Bogota] Se obtuvieron 1 usuarios con calendar_visible=1
[28-Jun-2025 15:32:18 Europe/Berlin] La columna calendar_visible ya existe en la tabla users
[28-Jun-2025 08:32:18 America/Bogota] Se obtuvieron 1 usuarios con calendar_visible=1
[28-Jun-2025 16:04:03 Europe/Berlin] La columna calendar_visible ya existe en la tabla users
[28-Jun-2025 09:04:03 America/Bogota] Se obtuvieron 1 usuarios con calendar_visible=1
[28-Jun-2025 16:30:51 Europe/Berlin] La columna calendar_visible ya existe en la tabla users
[28-Jun-2025 09:30:51 America/Bogota] Se obtuvieron 1 usuarios con calendar_visible=1
[01-Jul-2025 01:06:12 Europe/Berlin] La columna calendar_visible ya existe en la tabla users
[01-Jul-2025 01:06:23 Europe/Berlin] La columna calendar_visible ya existe en la tabla users
[30-Jun-2025 18:06:23 America/Bogota] Se obtuvieron 1 usuarios con calendar_visible=1
[01-Jul-2025 01:08:06 Europe/Berlin] La columna calendar_visible ya existe en la tabla users
[30-Jun-2025 18:08:06 America/Bogota] Se obtuvieron 1 usuarios con calendar_visible=1
[01-Jul-2025 01:08:43 Europe/Berlin] La columna calendar_visible ya existe en la tabla users
[30-Jun-2025 18:08:43 America/Bogota] Se obtuvieron 1 usuarios con calendar_visible=1
[01-Jul-2025 01:10:00 Europe/Berlin] La columna calendar_visible ya existe en la tabla users
[30-Jun-2025 18:10:00 America/Bogota] Se obtuvieron 1 usuarios con calendar_visible=1
[01-Jul-2025 01:12:56 Europe/Berlin] La columna calendar_visible ya existe en la tabla users
[01-Jul-2025 01:12:58 Europe/Berlin] La columna calendar_visible ya existe en la tabla users
[01-Jul-2025 01:13:08 Europe/Berlin] La columna calendar_visible ya existe en la tabla users
[01-Jul-2025 01:13:08 Europe/Berlin] La columna calendar_visible ya existe en la tabla users
[01-Jul-2025 01:13:40 Europe/Berlin] La columna calendar_visible ya existe en la tabla users
[01-Jul-2025 01:13:44 Europe/Berlin] La columna calendar_visible ya existe en la tabla users
[01-Jul-2025 01:13:45 Europe/Berlin] La columna calendar_visible ya existe en la tabla users
[01-Jul-2025 01:13:48 Europe/Berlin] La columna calendar_visible ya existe en la tabla users
[30-Jun-2025 18:13:48 America/Bogota] Se obtuvieron 2 usuarios con calendar_visible=1
[01-Jul-2025 01:13:56 Europe/Berlin] La columna calendar_visible ya existe en la tabla users
[30-Jun-2025 18:13:56 America/Bogota] Se obtuvieron 2 usuarios con calendar_visible=1
[01-Jul-2025 01:14:13 Europe/Berlin] La columna calendar_visible ya existe en la tabla users
[30-Jun-2025 18:14:13 America/Bogota] Obteniendo datos para el calendario del usuario ID: 2
[30-Jun-2025 18:14:13 America/Bogota] Se obtuvieron 2 usuarios con calendar_visible=1
[01-Jul-2025 01:14:16 Europe/Berlin] La columna calendar_visible ya existe en la tabla users
[30-Jun-2025 18:14:16 America/Bogota] Obteniendo datos para el calendario del usuario ID: 1
[30-Jun-2025 18:14:16 America/Bogota] Se obtuvieron 2 usuarios con calendar_visible=1
[01-Jul-2025 01:14:20 Europe/Berlin] La columna calendar_visible ya existe en la tabla users
[30-Jun-2025 18:14:20 America/Bogota] Se obtuvieron 2 usuarios con calendar_visible=1
[01-Jul-2025 01:51:38 Europe/Berlin] La columna calendar_visible ya existe en la tabla users
[30-Jun-2025 18:51:38 America/Bogota] Se obtuvieron 2 usuarios con calendar_visible=1
[01-Jul-2025 02:06:14 Europe/Berlin] La columna calendar_visible ya existe en la tabla users
[30-Jun-2025 19:06:14 America/Bogota] Se obtuvieron 2 usuarios con calendar_visible=1
[02-Jul-2025 17:31:29 Europe/Berlin] La columna calendar_visible ya existe en la tabla users
[02-Jul-2025 17:31:40 Europe/Berlin] La columna calendar_visible ya existe en la tabla users
[02-Jul-2025 10:31:40 America/Bogota] Se obtuvieron 2 usuarios con calendar_visible=1
[02-Jul-2025 23:53:56 Europe/Berlin] La columna calendar_visible ya existe en la tabla users
[02-Jul-2025 23:54:05 Europe/Berlin] La columna calendar_visible ya existe en la tabla users
[02-Jul-2025 16:54:05 America/Bogota] Se obtuvieron 2 usuarios con calendar_visible=1
[02-Jul-2025 23:55:04 Europe/Berlin] La columna calendar_visible ya existe en la tabla users
[02-Jul-2025 16:55:04 America/Bogota] Se obtuvieron 2 usuarios con calendar_visible=1
[03-Jul-2025 00:08:32 Europe/Berlin] La columna calendar_visible ya existe en la tabla users
[02-Jul-2025 17:08:32 America/Bogota] Se obtuvieron 2 usuarios con calendar_visible=1
[09-Jul-2025 21:40:24 Europe/Berlin] La columna calendar_visible ya existe en la tabla users
[09-Jul-2025 21:40:33 Europe/Berlin] La columna calendar_visible ya existe en la tabla users
[09-Jul-2025 14:40:33 America/Bogota] Se obtuvieron 2 usuarios con calendar_visible=1
[09-Jul-2025 23:33:58 Europe/Berlin] La columna calendar_visible ya existe en la tabla users
[09-Jul-2025 16:33:58 America/Bogota] Se obtuvieron 2 usuarios con calendar_visible=1
[09-Jul-2025 23:34:50 Europe/Berlin] La columna calendar_visible ya existe en la tabla users
[09-Jul-2025 16:34:50 America/Bogota] Se obtuvieron 2 usuarios con calendar_visible=1
[09-Jul-2025 23:42:26 Europe/Berlin] La columna calendar_visible ya existe en la tabla users
[09-Jul-2025 16:42:26 America/Bogota] Se obtuvieron 2 usuarios con calendar_visible=1
[10-Jul-2025 00:00:10 Europe/Berlin] La columna calendar_visible ya existe en la tabla users
[09-Jul-2025 17:00:10 America/Bogota] Se obtuvieron 2 usuarios con calendar_visible=1
[30-Jul-2025 00:06:28 Europe/Berlin] La columna calendar_visible ya existe en la tabla users
[30-Jul-2025 00:06:34 Europe/Berlin] La columna calendar_visible ya existe en la tabla users
[29-Jul-2025 17:06:34 America/Bogota] Se obtuvieron 2 usuarios con calendar_visible=1
[30-Jul-2025 00:09:04 Europe/Berlin] La columna calendar_visible ya existe en la tabla users
[29-Jul-2025 17:09:04 America/Bogota] Se obtuvieron 2 usuarios con calendar_visible=1
[30-Jul-2025 00:12:43 Europe/Berlin] La columna calendar_visible ya existe en la tabla users
[29-Jul-2025 17:12:43 America/Bogota] Se obtuvieron 2 usuarios con calendar_visible=1
[30-Jul-2025 16:05:23 Europe/Berlin] La columna calendar_visible ya existe en la tabla users
[30-Jul-2025 09:05:23 America/Bogota] Se obtuvieron 2 usuarios con calendar_visible=1
[30-Jul-2025 16:05:34 Europe/Berlin] La columna calendar_visible ya existe en la tabla users
[30-Jul-2025 09:05:34 America/Bogota] Se obtuvieron 2 usuarios con calendar_visible=1
[09-Aug-2025 01:12:25 Europe/Berlin] La columna calendar_visible ya existe en la tabla users
[09-Aug-2025 01:12:45 Europe/Berlin] La columna calendar_visible ya existe en la tabla users
[08-Aug-2025 18:12:45 America/Bogota] Se obtuvieron 2 usuarios con calendar_visible=1
[09-Aug-2025 01:12:58 Europe/Berlin] La columna calendar_visible ya existe en la tabla users
[08-Aug-2025 18:12:58 America/Bogota] Se obtuvieron 2 usuarios con calendar_visible=1
[09-Aug-2025 01:13:25 Europe/Berlin] La columna calendar_visible ya existe en la tabla users
[08-Aug-2025 18:13:25 America/Bogota] Se obtuvieron 2 usuarios con calendar_visible=1
[09-Aug-2025 01:17:45 Europe/Berlin] La columna calendar_visible ya existe en la tabla users
[08-Aug-2025 18:17:45 America/Bogota] Se obtuvieron 2 usuarios con calendar_visible=1
[09-Aug-2025 01:18:12 Europe/Berlin] La columna calendar_visible ya existe en la tabla users
[08-Aug-2025 18:18:12 America/Bogota] Se obtuvieron 2 usuarios con calendar_visible=1
[09-Aug-2025 01:18:25 Europe/Berlin] La columna calendar_visible ya existe en la tabla users
[08-Aug-2025 18:18:25 America/Bogota] Se obtuvieron 2 usuarios con calendar_visible=1
[09-Aug-2025 01:21:23 Europe/Berlin] La columna calendar_visible ya existe en la tabla users
[08-Aug-2025 18:21:24 America/Bogota] Se obtuvieron 2 usuarios con calendar_visible=1
[09-Aug-2025 01:34:57 Europe/Berlin] La columna calendar_visible ya existe en la tabla users
[08-Aug-2025 18:34:57 America/Bogota] Se obtuvieron 2 usuarios con calendar_visible=1
[09-Aug-2025 01:35:32 Europe/Berlin] La columna calendar_visible ya existe en la tabla users
[08-Aug-2025 18:35:32 America/Bogota] Se obtuvieron 2 usuarios con calendar_visible=1
[09-Aug-2025 01:35:41 Europe/Berlin] La columna calendar_visible ya existe en la tabla users
[08-Aug-2025 18:35:41 America/Bogota] Se obtuvieron 2 usuarios con calendar_visible=1
[22-Aug-2025 17:18:54 Europe/Berlin] La columna calendar_visible ya existe en la tabla users
[22-Aug-2025 17:18:59 Europe/Berlin] La columna calendar_visible ya existe en la tabla users
[22-Aug-2025 10:18:59 America/Bogota] Se obtuvieron 2 usuarios con calendar_visible=1
[22-Aug-2025 17:19:20 Europe/Berlin] La columna calendar_visible ya existe en la tabla users
[22-Aug-2025 10:19:21 America/Bogota] Se obtuvieron 2 usuarios con calendar_visible=1
[22-Aug-2025 17:19:22 Europe/Berlin] La columna calendar_visible ya existe en la tabla users
[22-Aug-2025 10:19:22 America/Bogota] Se obtuvieron 2 usuarios con calendar_visible=1
[22-Aug-2025 12:46:11 America/Bogota] Se obtuvieron 2 usuarios con calendar_visible=1
[24-Sep-2025 07:06:16 America/Bogota] Se obtuvieron 2 usuarios con calendar_visible=1
[24-Sep-2025 07:14:19 America/Bogota] Se obtuvieron 2 usuarios con calendar_visible=1
[24-Sep-2025 07:15:12 America/Bogota] Se obtuvieron 2 usuarios con calendar_visible=1
[24-Sep-2025 07:16:45 America/Bogota] Se obtuvieron 2 usuarios con calendar_visible=1
[24-Sep-2025 08:38:49 America/Bogota] Se obtuvieron 2 usuarios con calendar_visible=1
[24-Sep-2025 08:39:02 America/Bogota] Se obtuvieron 2 usuarios con calendar_visible=1
[24-Sep-2025 08:41:19 America/Bogota] Se obtuvieron 2 usuarios con calendar_visible=1
[24-Sep-2025 09:35:59 America/Bogota] Se obtuvieron 2 usuarios con calendar_visible=1
[24-Sep-2025 09:36:04 America/Bogota] PHP Fatal error:  Uncaught mysqli_sql_exception: Unknown column 'phone' in 'field list' in C:\xampp\htdocs\mangomorado\Calendar\models\UserModel.php:11
Stack trace:
#0 C:\xampp\htdocs\mangomorado\Calendar\models\UserModel.php(11): mysqli_query(Object(mysqli), 'SELECT id, name...')
#1 C:\xampp\htdocs\mangomorado\Calendar\controllers\UserController.php(20): UserModel->getAllUsers()
#2 C:\xampp\htdocs\mangomorado\Calendar\users.php(98): UserController->index()
#3 {main}
  thrown in C:\xampp\htdocs\mangomorado\Calendar\models\UserModel.php on line 11
[24-Sep-2025 12:46:07 America/Bogota] Se obtuvieron 2 usuarios con calendar_visible=1
[25-Sep-2025 17:54:03 America/Bogota] PHP Warning:  Undefined array key "role" in C:\xampp\htdocs\mangomorado\Calendar\includes\header.php on line 50
[25-Sep-2025 17:54:03 America/Bogota] PHP Warning:  Undefined array key "role" in C:\xampp\htdocs\mangomorado\Calendar\includes\header.php on line 60
[25-Sep-2025 17:54:03 America/Bogota] Se obtuvieron 2 usuarios con calendar_visible=1
[25-Sep-2025 17:54:09 America/Bogota] PHP Warning:  Undefined array key "role" in C:\xampp\htdocs\mangomorado\Calendar\includes\header.php on line 50
[25-Sep-2025 17:54:09 America/Bogota] PHP Warning:  Undefined array key "role" in C:\xampp\htdocs\mangomorado\Calendar\includes\header.php on line 60
[25-Sep-2025 17:54:09 America/Bogota] Se obtuvieron 2 usuarios con calendar_visible=1
[25-Sep-2025 18:37:21 America/Bogota] PHP Warning:  Undefined array key "role" in C:\xampp\htdocs\mangomorado\Calendar\includes\header.php on line 50
[25-Sep-2025 18:37:21 America/Bogota] PHP Warning:  Undefined array key "role" in C:\xampp\htdocs\mangomorado\Calendar\includes\header.php on line 60
[25-Sep-2025 18:37:21 America/Bogota] Se obtuvieron 2 usuarios con calendar_visible=1
[01-Oct-2025 13:21:50 America/Bogota] Se obtuvieron 2 usuarios con calendar_visible=1
[01-Oct-2025 13:22:55 America/Bogota] Se obtuvieron 2 usuarios con calendar_visible=1
